Arguments: 
  C:\Program Files\nodejs\node.exe C:\Program Files (x86)\Yarn\bin\yarn.js

PATH: 
  C:\Program Files\Git\mingw64\bin;C:\Program Files\Git\usr\bin;C:\Users\Joao\bin;C:\ProgramData\Oracle\Java\javapath;C:\WINDOWS\system32;C:\WINDOWS;C:\WINDOWS\System32\Wbem;C:\WINDOWS\System32\WindowsPowerShell\v1.0;C:\WINDOWS\System32\OpenSSH;C:\Program Files (x86)\NVIDIA Corporation\PhysX\Common;C:\ProgramData\chocolatey\bin;C:\Program Files\NVIDIA Corporation\NVIDIA NvDLISR;C:\Program Files\nodejs;C:\Program Files\PuTTY;C:\Program Files\MongoDB\Server\4.2\bin;C:\Program Files\WindowsApps\Microsoft.WindowsTerminal_1.0.1401.0_x64__8wekyb3d8bbwe;C:\Program Files\Git\cmd;C:\Program Files\Java\jdk1.8.0_211\bin;C:\Program Files (x86)\Yarn\bin;C:\Program Files\Docker\Docker\resources\bin;C:\ProgramData\DockerDesktop\version-bin;C:\Users\Joao\AppData\Local\Microsoft\WindowsApps;C:\Users\Joao\AppData\Local\Programs\Microsoft VS Code\bin;C:\Users\Joao\AppData\Roaming\npm;C:\Program Files\MySQL\MySQL Server 8.0\bin;C:\Users\Joao\AppData\Local\Yarn\bin

Yarn version: 
  1.22.4

Node version: 
  12.16.3

Platform: 
  win32 x64

Trace: 
  Error: EPERM: operation not permitted, unlink 'C:\Users\Joao\Documents\ESTUDOS\NodeJS Clean Architecture e TDD\node_modules\.bin\lint-staged'

npm manifest: 
  {
    "name": "api-clean-architecture-and-tdd",
    "version": "1.0.0",
    "main": "src/main/index.js",
    "license": "MIT",
    "standard": {
      "env": [
        "jest"
      ]
    },
    "devDependencies": {
      "husky": "^4.2.5",
      "jest": "^26.2.2",
      "standard": "^14.3.4"
    },
    "dependencies": {
      "bcrypt": "^5.0.0",
      "express": "^4.17.1",
      "jsonwebtoken": "^8.5.1",
      "mongodb": "^3.6.0",
      "supertest": "^4.0.2",
      "validator": "^13.1.1"
    },
    "scripts": {
      "start": "node src/main/index.js",
      "test": "jest --silente=true --noStackTrace --passWithNoTests --runInBand --forceExit",
      "test:unit": "npm test -- --watch -o -c jest-unit-config.js",
      "test:integration": "npm test -- --watch -o -c jest-integration-config.js",
      "test:staged": "npm test -- --findRelatedTests ",
      "test:ci": "npm test -- --coverage"
    }
  }

yarn manifest: 
  No manifest

Lockfile: 
  No lockfile
